estudos/acdisplay_api_16/logs/manifest-merger-releaseFlavor-release-report.txt
-- Merging decision tree log ---
manifest
ADDED from src/main/AndroidManifest.xml:21:1-278:12
	package
		ADDED from src/main/AndroidManifest.xml:23:5-34
	android:versionName
		ADDED from src/main/AndroidManifest.xml:25:5-30
	xmlns:tools
		ADDED from src/main/AndroidManifest.xml:22:5-51
	android:versionCode
		ADDED from src/main/AndroidManifest.xml:24:5-29
		INJECTED from src/main/AndroidManifest.xml
		INJECTED from src/main/AndroidManifest.xml
	xmlns:android
		ADDED from src/main/AndroidManifest.xml:21:11-69
uses-permission#android.permission.VIBRATE
ADDED from src/main/AndroidManifest.xml:27:5-66
	android:name
		ADDED from src/main/AndroidManifest.xml:27:22-63
uses-permission#android.permission.INTERNET
ADDED from src/main/AndroidManifest.xml:28:5-67
	android:name
		ADDED from src/main/AndroidManifest.xml:28:22-64
uses-permission#android.permission.WAKE_LOCK
ADDED from src/main/AndroidManifest.xml:29:5-68
	android:name
		ADDED from src/main/AndroidManifest.xml:29:22-65
uses-permission#android.permission.ACCESS_NETWORK_STATE
ADDED from src/main/AndroidManifest.xml:30:5-79
	android:name
		ADDED from src/main/AndroidManifest.xml:30:22-76
uses-permission#android.permission.RECEIVE_BOOT_COMPLETED
ADDED from src/main/AndroidManifest.xml:31:5-81
	android:name
		ADDED from src/main/AndroidManifest.xml:31:22-78
uses-permission#android.permission.MEDIA_CONTENT_CONTROL
ADDED from src/main/AndroidManifest.xml:32:5-80
	android:name
		ADDED from src/main/AndroidManifest.xml:32:22-77
uses-permission#android.permission.SYSTEM_ALERT_WINDOW
ADDED from src/main/AndroidManifest.xml:33:5-77
	android:name
		ADDED from src/main/AndroidManifest.xml:33:22-75
uses-permission#android.permission.DISABLE_KEYGUARD
ADDED from src/main/AndroidManifest.xml:34:5-75
	android:name
		ADDED from src/main/AndroidManifest.xml:34:22-72
uses-permission#android.permission.READ_PHONE_STATE
ADDED from src/main/AndroidManifest.xml:35:5-75
	android:name
		ADDED from src/main/AndroidManifest.xml:35:22-72
uses-permission#android.permission.WRITE_EXTERNAL_STORAGE
ADDED from src/main/AndroidManifest.xml:36:5-81
	android:name
		ADDED from src/main/AndroidManifest.xml:36:22-78
uses-permission#android.permission.PREVENT_POWER_KEY
ADDED from src/main/AndroidManifest.xml:37:5-76
	android:name
		ADDED from src/main/AndroidManifest.xml:37:22-73
uses-permission#android.permission.GET_TASKS
ADDED from src/main/AndroidManifest.xml:41:5-68
	android:name
		ADDED from src/main/AndroidManifest.xml:41:22-65
uses-permission#android.permission.PACKAGE_USAGE_STATS
ADDED from src/main/AndroidManifest.xml:42:5-44:47
	tools:ignore
		ADDED from src/main/AndroidManifest.xml:44:9-44
	android:name
		ADDED from src/main/AndroidManifest.xml:43:9-62
uses-permission#android.permission.WRITE_SETTINGS
ADDED from src/main/AndroidManifest.xml:47:5-73
	android:name
		ADDED from src/main/AndroidManifest.xml:47:22-70
permission#android.permission.STATUS_BAR_SERVICE
ADDED from src/main/AndroidManifest.xml:50:5-72
	android:name
		ADDED from src/main/AndroidManifest.xml:50:17-69
uses-permission#android.permission.BIND_ACCESSIBILITY_SERVICE
ADDED from src/main/AndroidManifest.xml:51:5-85
	android:name
		ADDED from src/main/AndroidManifest.xml:51:22-82
uses-permission#com.android.vending.BILLING
ADDED from src/main/AndroidManifest.xml:54:5-67
MERGED from [org.solovyev.android:checkout:0.7.5] AndroidManifest.xml:32:5-67
	android:name
		ADDED from src/main/AndroidManifest.xml:54:22-64
application
ADDED from src/main/AndroidManifest.xml:56:5-276:19
MERGED from [com.melnykov:floatingactionbutton:1.3.0] AndroidManifest.xml:12:5-20
MERGED from [com.android.support:support-v4:23.4.0] AndroidManifest.xml:22:5-20
MERGED from [org.solovyev.android:checkout:0.7.5] AndroidManifest.xml:34:5-47
MERGED from [com.afollestad.material-dialogs:core:0.8.2.0] AndroidManifest.xml:13:5-20
MERGED from [com.android.support:appcompat-v7:23.4.0] AndroidManifest.xml:25:5-20
MERGED from [com.android.support:animated-vector-drawable:23.4.0] AndroidManifest.xml:7:5-20
MERGED from [com.android.support:support-vector-drawable:23.4.0] AndroidManifest.xml:7:5-20
MERGED from [com.android.support:support-v4:23.4.0] AndroidManifest.xml:22:5-20
MERGED from [com.android.support:support-v4:23.4.0] AndroidManifest.xml:22:5-20
MERGED from [com.android.support:support-vector-drawable:23.4.0] AndroidManifest.xml:7:5-20
MERGED from [com.android.support:support-v4:23.4.0] AndroidManifest.xml:22:5-20
MERGED from [com.android.support:support-v4:23.4.0] AndroidManifest.xml:22:5-20
MERGED from [com.android.support:appcompat-v7:23.4.0] AndroidManifest.xml:25:5-20
MERGED from [com.android.support:animated-vector-drawable:23.4.0] AndroidManifest.xml:7:5-20
MERGED from [com.android.support:support-vector-drawable:23.4.0] AndroidManifest.xml:7:5-20
MERGED from [com.android.support:support-v4:23.4.0] AndroidManifest.xml:22:5-20
MERGED from [com.android.support:support-v4:23.4.0] AndroidManifest.xml:22:5-20
MERGED from [com.android.support:support-vector-drawable:23.4.0] AndroidManifest.xml:7:5-20
MERGED from [com.android.support:support-v4:23.4.0] AndroidManifest.xml:22:5-20
MERGED from [com.android.support:support-v4:23.4.0] AndroidManifest.xml:22:5-20
MERGED from [com.android.support:palette-v7:23.4.0] AndroidManifest.xml:22:5-23:19
MERGED from [com.android.support:support-v4:23.4.0] AndroidManifest.xml:22:5-20
MERGED from [com.android.support:appcompat-v7:23.4.0] AndroidManifest.xml:25:5-20
MERGED from [com.android.support:animated-vector-drawable:23.4.0] AndroidManifest.xml:7:5-20
MERGED from [com.android.support:support-vector-drawable:23.4.0] AndroidManifest.xml:7:5-20
MERGED from [com.android.support:support-v4:23.4.0] AndroidManifest.xml:22:5-20
MERGED from [com.android.support:support-v4:23.4.0] AndroidManifest.xml:22:5-20
MERGED from [com.android.support:support-vector-drawable:23.4.0] AndroidManifest.xml:7:5-20
MERGED from [com.android.support:support-v4:23.4.0] AndroidManifest.xml:22:5-20
MERGED from [com.android.support:support-v4:23.4.0] AndroidManifest.xml:22:5-20
MERGED from [com.android.support:support-v13:23.4.0] AndroidManifest.xml:22:5-20
MERGED from [com.android.support:support-v4:23.4.0] AndroidManifest.xml:22:5-20
MERGED from [com.android.support:design:23.4.0] AndroidManifest.xml:22:5-20
MERGED from [com.android.support:support-v4:23.4.0] AndroidManifest.xml:22:5-20
MERGED from [com.android.support:appcompat-v7:23.4.0] AndroidManifest.xml:25:5-20
MERGED from [com.android.support:animated-vector-drawable:23.4.0] AndroidManifest.xml:7:5-20
MERGED from [com.android.support:support-vector-drawable:23.4.0] AndroidManifest.xml:7:5-20
MERGED from [com.android.support:support-v4:23.4.0] AndroidManifest.xml:22:5-20
MERGED from [com.android.support:support-v4:23.4.0] AndroidManifest.xml:22:5-20
MERGED from [com.android.support:support-vector-drawable:23.4.0] AndroidManifest.xml:7:5-20
MERGED from [com.android.support:support-v4:23.4.0] AndroidManifest.xml:22:5-20
MERGED from [com.android.support:support-v4:23.4.0] AndroidManifest.xml:22:5-20
	android:label
		ADDED from src/main/AndroidManifest.xml:61:9-41
	android:supportsRtl
		ADDED from src/main/AndroidManifest.xml:63:9-35
	tools:ignore
		ADDED from src/main/AndroidManifest.xml:65:9-39
	android:allowBackup
		ADDED from src/main/AndroidManifest.xml:58:9-35
	android:icon
		ADDED from src/main/AndroidManifest.xml:59:9-43
	android:largeHeap
		ADDED from src/main/AndroidManifest.xml:62:9-33
	android:theme
		ADDED from src/main/AndroidManifest.xml:64:9-45
	android:isGame
		ADDED from src/main/AndroidManifest.xml:60:9-31
	android:name
		ADDED from src/main/AndroidManifest.xml:57:9-28
activity#com.achep.acdisplay.ui.activities.AcDisplayActivity
ADDED from src/main/AndroidManifest.xml:67:9-74:62
	android:screenOrientation
		ADDED from src/main/AndroidManifest.xml:73:13-49
	android:excludeFromRecents
		ADDED from src/main/AndroidManifest.xml:70:13-46
	android:launchMode
		ADDED from src/main/AndroidManifest.xml:72:13-48
	android:exported
		ADDED from src/main/AndroidManifest.xml:71:13-37
	android:configChanges
		ADDED from src/main/AndroidManifest.xml:69:13-74
	android:theme
		ADDED from src/main/AndroidManifest.xml:74:13-59
	android:name
		ADDED from src/main/AndroidManifest.xml:68:13-60
activity#com.achep.acdisplay.ui.activities.MainActivity
ADDED from src/main/AndroidManifest.xml:76:9-83:20
	android:launchMode
		ADDED from src/main/AndroidManifest.xml:78:13-44
	android:name
		ADDED from src/main/AndroidManifest.xml:77:13-55
intent-filter#android.intent.action.MAIN+android.intent.category.LAUNCHER
ADDED from src/main/AndroidManifest.xml:79:13-82:29
action#android.intent.action.MAIN
ADDED from src/main/AndroidManifest.xml:80:17-69
	android:name
		ADDED from src/main/AndroidManifest.xml:80:25-66
category#android.intent.category.LAUNCHER
ADDED from src/main/AndroidManifest.xml:81:17-77
	android:name
		ADDED from src/main/AndroidManifest.xml:81:27-74
activity#com.achep.acdisplay.ui.activities.settings.Settings2
ADDED from src/main/AndroidManifest.xml:85:9-91:62
	android:label
		ADDED from src/main/AndroidManifest.xml:87:13-45
	android:parentActivityName
		ADDED from src/main/AndroidManifest.xml:89:13-69
	android:launchMode
		ADDED from src/main/AndroidManifest.xml:88:13-44
	android:theme
		ADDED from src/main/AndroidManifest.xml:91:13-59
	android:taskAffinity
		ADDED from src/main/AndroidManifest.xml:90:13-45
	android:name
		ADDED from src/main/AndroidManifest.xml:86:13-61
activity#com.achep.base.ui.activities.SubSettings
ADDED from src/main/AndroidManifest.xml:93:9-97:48
	android:parentActivityName
		ADDED from src/main/AndroidManifest.xml:96:13-75
	android:configChanges
		ADDED from src/main/AndroidManifest.xml:95:13-74
	android:taskAffinity
		ADDED from src/main/AndroidManifest.xml:97:13-45
	android:name
		ADDED from src/main/AndroidManifest.xml:94:13-68
activity#com.achep.acdisplay.ui.activities.settings.WidgetPickerActivity
ADDED from src/main/AndroidManifest.xml:99:9-104:65
	android:label
		ADDED from src/main/AndroidManifest.xml:101:13-65
	android:parentActivityName
		ADDED from src/main/AndroidManifest.xml:102:13-75
	android:theme
		ADDED from src/main/AndroidManifest.xml:104:13-62
	android:taskAffinity
		ADDED from src/main/AndroidManifest.xml:103:13-45
	android:name
		ADDED from src/main/AndroidManifest.xml:100:13-72
activity#com.achep.acdisplay.ui.activities.settings.SettingsProximitySensorActivity
ADDED from src/main/AndroidManifest.xml:106:9-110:48
	android:label
		ADDED from src/main/AndroidManifest.xml:108:13-68
	android:parentActivityName
		ADDED from src/main/AndroidManifest.xml:109:13-75
	android:taskAffinity
		ADDED from src/main/AndroidManifest.xml:110:13-45
	android:name
		ADDED from src/main/AndroidManifest.xml:107:13-83
activity#com.achep.acdisplay.ui.activities.settings.BlacklistActivity
ADDED from src/main/AndroidManifest.xml:112:9-118:57
	android:label
		ADDED from src/main/AndroidManifest.xml:114:13-46
	android:parentActivityName
		ADDED from src/main/AndroidManifest.xml:116:13-75
	android:launchMode
		ADDED from src/main/AndroidManifest.xml:115:13-44
	android:theme
		ADDED from src/main/AndroidManifest.xml:118:13-54
	android:taskAffinity
		ADDED from src/main/AndroidManifest.xml:117:13-45
	android:name
		ADDED from src/main/AndroidManifest.xml:113:13-69
activity#com.achep.acdisplay.ui.activities.settings.SubBlacklistActivity
ADDED from src/main/AndroidManifest.xml:120:9-126:57
	android:label
		ADDED from src/main/AndroidManifest.xml:123:13-57
	android:parentActivityName
		ADDED from src/main/AndroidManifest.xml:124:13-83
	android:configChanges
		ADDED from src/main/AndroidManifest.xml:122:13-74
	android:theme
		ADDED from src/main/AndroidManifest.xml:126:13-54
	android:taskAffinity
		ADDED from src/main/AndroidManifest.xml:125:13-45
	android:name
		ADDED from src/main/AndroidManifest.xml:121:13-72
activity#com.achep.acdisplay.ui.activities.tests.ShakeTestActivity
ADDED from src/main/AndroidManifest.xml:128:9-133:68
	android:parentActivityName
		ADDED from src/main/AndroidManifest.xml:131:13-75
	android:launchMode
		ADDED from src/main/AndroidManifest.xml:130:13-44
	android:theme
		ADDED from src/main/AndroidManifest.xml:133:13-65
	android:taskAffinity
		ADDED from src/main/AndroidManifest.xml:132:13-45
	android:name
		ADDED from src/main/AndroidManifest.xml:129:13-66
activity#com.achep.acdisplay.ui.activities.tests.IdleExitTestActivity
ADDED from src/main/AndroidManifest.xml:135:9-140:68
	android:parentActivityName
		ADDED from src/main/AndroidManifest.xml:138:13-75
	android:launchMode
		ADDED from src/main/AndroidManifest.xml:137:13-44
	android:theme
		ADDED from src/main/AndroidManifest.xml:140:13-65
	android:taskAffinity
		ADDED from src/main/AndroidManifest.xml:139:13-45
	android:name
		ADDED from src/main/AndroidManifest.xml:136:13-69
service#com.achep.acdisplay.services.MediaService
ADDED from src/main/AndroidManifest.xml:143:9-150:19
	android:permission
		ADDED from src/main/AndroidManifest.xml:145:13-87
	android:name
		ADDED from src/main/AndroidManifest.xml:144:13-50
intent-filter#android.service.notification.NotificationListenerService+com.achep.acdisplay.BIND_MEDIA_CONTROL_SERVICE
ADDED from src/main/AndroidManifest.xml:146:13-149:29
action#android.service.notification.NotificationListenerService
ADDED from src/main/AndroidManifest.xml:147:17-99
	android:name
		ADDED from src/main/AndroidManifest.xml:147:25-96
action#com.achep.acdisplay.BIND_MEDIA_CONTROL_SERVICE
ADDED from src/main/AndroidManifest.xml:148:17-89
	android:name
		ADDED from src/main/AndroidManifest.xml:148:25-86
service#com.achep.acdisplay.services.AccessibilityService
ADDED from src/main/AndroidManifest.xml:152:9-161:19
	android:permission
		ADDED from src/main/AndroidManifest.xml:154:13-79
	android:name
		ADDED from src/main/AndroidManifest.xml:153:13-58
intent-filter#android.accessibilityservice.AccessibilityService
ADDED from src/main/AndroidManifest.xml:155:13-157:29
action#android.accessibilityservice.AccessibilityService
ADDED from src/main/AndroidManifest.xml:156:17-92
	android:name
		ADDED from src/main/AndroidManifest.xml:156:25-89
meta-data#android.accessibilityservice
ADDED from src/main/AndroidManifest.xml:158:13-160:71
	android:resource
		ADDED from src/main/AndroidManifest.xml:160:17-68
	android:name
		ADDED from src/main/AndroidManifest.xml:159:17-60
service#com.achep.acdisplay.services.BathService
ADDED from src/main/AndroidManifest.xml:164:9-166:52
	android:label
		ADDED from src/main/AndroidManifest.xml:166:13-49
	android:name
		ADDED from src/main/AndroidManifest.xml:165:13-49
activity#com.achep.acdisplay.receiver.LocalReceiverActivity
ADDED from src/main/AndroidManifest.xml:171:9-182:20
	android:excludeFromRecents
		ADDED from src/main/AndroidManifest.xml:173:13-46
	android:launchMode
		ADDED from src/main/AndroidManifest.xml:175:13-48
	android:exported
		ADDED from src/main/AndroidManifest.xml:174:13-37
	android:theme
		ADDED from src/main/AndroidManifest.xml:176:13-59
	android:name
		ADDED from src/main/AndroidManifest.xml:172:13-59
intent-filter#android.intent.action.VIEW+android.intent.category.DEFAULT
ADDED from src/main/AndroidManifest.xml:177:13-181:29
action#android.intent.action.VIEW
ADDED from src/main/AndroidManifest.xml:178:17-69
	android:name
		ADDED from src/main/AndroidManifest.xml:178:25-66
category#android.intent.category.DEFAULT
ADDED from src/main/AndroidManifest.xml:179:17-76
	android:name
		ADDED from src/main/AndroidManifest.xml:179:27-73
data
ADDED from src/main/AndroidManifest.xml:180:17-52
	android:scheme
		ADDED from src/main/AndroidManifest.xml:180:23-49
receiver#com.achep.acdisplay.receiver.ReceiverSystem
ADDED from src/main/AndroidManifest.xml:185:9-191:20
	android:name
		ADDED from src/main/AndroidManifest.xml:185:19-58
intent-filter#android.intent.action.ACTION_POWER_CONNECTED+android.intent.action.ACTION_POWER_DISCONNECTED+android.intent.action.BOOT_COMPLETED
ADDED from src/main/AndroidManifest.xml:186:13-190:29
action#android.intent.action.ACTION_POWER_CONNECTED
ADDED from src/main/AndroidManifest.xml:187:17-87
	android:name
		ADDED from src/main/AndroidManifest.xml:187:25-84
action#android.intent.action.ACTION_POWER_DISCONNECTED
ADDED from src/main/AndroidManifest.xml:188:17-90
	android:name
		ADDED from src/main/AndroidManifest.xml:188:25-87
action#android.intent.action.BOOT_COMPLETED
ADDED from src/main/AndroidManifest.xml:189:17-79
	android:name
		ADDED from src/main/AndroidManifest.xml:189:25-76
receiver#com.achep.acdisplay.receiver.AdminReceiver
ADDED from src/main/AndroidManifest.xml:194:9-205:20
	android:label
		ADDED from src/main/AndroidManifest.xml:197:13-67
	android:permission
		ADDED from src/main/AndroidManifest.xml:198:13-70
	android:description
		ADDED from src/main/AndroidManifest.xml:196:13-79
	android:name
		ADDED from src/main/AndroidManifest.xml:195:13-51
meta-data#android.app.device_admin
ADDED from src/main/AndroidManifest.xml:199:13-201:63
	android:resource
		ADDED from src/main/AndroidManifest.xml:201:17-60
	android:name
		ADDED from src/main/AndroidManifest.xml:200:17-56
intent-filter#android.app.action.DEVICE_ADMIN_ENABLED
ADDED from src/main/AndroidManifest.xml:202:13-204:29
action#android.app.action.DEVICE_ADMIN_ENABLED
ADDED from src/main/AndroidManifest.xml:203:17-82
	android:name
		ADDED from src/main/AndroidManifest.xml:203:25-79
receiver#com.achep.acdisplay.providers.ToggleWidgetProvider
ADDED from src/main/AndroidManifest.xml:208:9-219:20
	android:name
		ADDED from src/main/AndroidManifest.xml:208:19-65
intent-filter#android.appwidget.action.APPWIDGET_DELETED+android.appwidget.action.APPWIDGET_DISABLED+android.appwidget.action.APPWIDGET_ENABLED+android.appwidget.action.APPWIDGET_UPDATE
ADDED from src/main/AndroidManifest.xml:209:13-214:29
action#android.appwidget.action.APPWIDGET_ENABLED
ADDED from src/main/AndroidManifest.xml:210:17-85
	android:name
		ADDED from src/main/AndroidManifest.xml:210:25-82
action#android.appwidget.action.APPWIDGET_DISABLED
ADDED from src/main/AndroidManifest.xml:211:17-86
	android:name
		ADDED from src/main/AndroidManifest.xml:211:25-83
action#android.appwidget.action.APPWIDGET_UPDATE
ADDED from src/main/AndroidManifest.xml:212:17-84
	android:name
		ADDED from src/main/AndroidManifest.xml:212:25-81
action#android.appwidget.action.APPWIDGET_DELETED
ADDED from src/main/AndroidManifest.xml:213:17-85
	android:name
		ADDED from src/main/AndroidManifest.xml:213:25-82
meta-data#android.appwidget.provider
ADDED from src/main/AndroidManifest.xml:216:13-218:74
	android:resource
		ADDED from src/main/AndroidManifest.xml:218:17-71
	android:name
		ADDED from src/main/AndroidManifest.xml:217:17-58
provider#com.achep.acdisplay.providers.LogAttachmentProvider
ADDED from src/main/AndroidManifest.xml:222:9-226:54
	android:authorities
		ADDED from src/main/AndroidManifest.xml:224:13-59
	android:exported
		ADDED from src/main/AndroidManifest.xml:225:13-36
	tools:ignore
		ADDED from src/main/AndroidManifest.xml:226:13-51
	android:name
		ADDED from src/main/AndroidManifest.xml:223:13-60
receiver#com.achep.acdisplay.receiver.ReceiverPublic
ADDED from src/main/AndroidManifest.xml:232:9-241:20
	android:exported
		ADDED from src/main/AndroidManifest.xml:234:13-36
	tools:ignore
		ADDED from src/main/AndroidManifest.xml:235:13-44
	android:name
		ADDED from src/main/AndroidManifest.xml:233:13-52
intent-filter#com.achep.acdisplay.DISABLE+com.achep.acdisplay.ENABLE+com.achep.acdisplay.TOGGLE
ADDED from src/main/AndroidManifest.xml:236:13-240:29
action#com.achep.acdisplay.ENABLE
ADDED from src/main/AndroidManifest.xml:237:17-69
	android:name
		ADDED from src/main/AndroidManifest.xml:237:25-66
action#com.achep.acdisplay.DISABLE
ADDED from src/main/AndroidManifest.xml:238:17-70
	android:name
		ADDED from src/main/AndroidManifest.xml:238:25-67
action#com.achep.acdisplay.TOGGLE
ADDED from src/main/AndroidManifest.xml:239:17-69
	android:name
		ADDED from src/main/AndroidManifest.xml:239:25-66
receiver#com.achep.acdisplay.plugins.powertoggles.ToggleReceiver
ADDED from src/main/AndroidManifest.xml:251:9-260:20
	android:label
		ADDED from src/main/AndroidManifest.xml:255:13-45
	android:exported
		ADDED from src/main/AndroidManifest.xml:253:13-36
	android:permission
		ADDED from src/main/AndroidManifest.xml:256:13-75
	android:icon
		ADDED from src/main/AndroidManifest.xml:254:13-57
	android:name
		ADDED from src/main/AndroidManifest.xml:252:13-64
intent-filter#com.painless.pc.ACTION_SET_STATE
ADDED from src/main/AndroidManifest.xml:257:13-259:29
action#com.painless.pc.ACTION_SET_STATE
ADDED from src/main/AndroidManifest.xml:258:17-75
	android:name
		ADDED from src/main/AndroidManifest.xml:258:25-72
meta-data#xposedmodule
ADDED from src/main/AndroidManifest.xml:266:9-268:36
	android:value
		ADDED from src/main/AndroidManifest.xml:268:13-33
	android:name
		ADDED from src/main/AndroidManifest.xml:267:13-40
meta-data#xposedminversion
ADDED from src/main/AndroidManifest.xml:269:9-271:36
	android:value
		ADDED from src/main/AndroidManifest.xml:271:13-33
	android:name
		ADDED from src/main/AndroidManifest.xml:270:13-44
meta-data#xposeddescription
ADDED from src/main/AndroidManifest.xml:272:9-274:65
	android:value
		ADDED from src/main/AndroidManifest.xml:274:13-62
	android:name
		ADDED from src/main/AndroidManifest.xml:273:13-45
uses-sdk
INJECTED from src/main/AndroidManifest.xml reason: use-sdk injection requested
MERGED from [com.melnykov:floatingactionbutton:1.3.0] AndroidManifest.xml:8:5-10:41
MERGED from [com.android.support:recyclerview-v7:23.4.0] AndroidManifest.xml:20:5-43
MERGED from [com.android.support:support-v4:23.4.0] AndroidManifest.xml:20:5-43
MERGED from [com.larswerkman:HoloColorPicker:1.4] AndroidManifest.xml:3:5-72
MERGED from [me.grantland:autofittextview:0.2.1] AndroidManifest.xml:7:5-9:41
MERGED from [org.solovyev.android:checkout:0.7.5] AndroidManifest.xml:28:5-30:41
MERGED from [com.afollestad.material-dialogs:core:0.8.2.0] AndroidManifest.xml:8:5-11:75
MERGED from [me.zhanghai.android.materialprogressbar:library:1.1.4] AndroidManifest.xml:11:5-13:41
MERGED from [com.android.support:appcompat-v7:23.4.0] AndroidManifest.xml:21:5-23:78
MERGED from [com.android.support:animated-vector-drawable:23.4.0] AndroidManifest.xml:5:5-44
MERGED from [com.android.support:support-vector-drawable:23.4.0] AndroidManifest.xml:5:5-43
MERGED from [com.android.support:support-v4:23.4.0] AndroidManifest.xml:20:5-43
MERGED from [com.android.support:support-v4:23.4.0] AndroidManifest.xml:20:5-43
MERGED from [com.android.support:support-vector-drawable:23.4.0] AndroidManifest.xml:5:5-43
MERGED from [com.android.support:support-v4:23.4.0] AndroidManifest.xml:20:5-43
MERGED from [com.android.support:recyclerview-v7:23.4.0] AndroidManifest.xml:20:5-43
MERGED from [com.android.support:support-v4:23.4.0] AndroidManifest.xml:20:5-43
MERGED from [com.android.support:appcompat-v7:23.4.0] AndroidManifest.xml:21:5-23:78
MERGED from [com.android.support:animated-vector-drawable:23.4.0] AndroidManifest.xml:5:5-44
MERGED from [com.android.support:support-vector-drawable:23.4.0] AndroidManifest.xml:5:5-43
MERGED from [com.android.support:support-v4:23.4.0] AndroidManifest.xml:20:5-43
MERGED from [com.android.support:support-v4:23.4.0] AndroidManifest.xml:20:5-43
MERGED from [com.android.support:support-vector-drawable:23.4.0] AndroidManifest.xml:5:5-43
MERGED from [com.android.support:support-v4:23.4.0] AndroidManifest.xml:20:5-43
MERGED from [com.android.support:support-v4:23.4.0] AndroidManifest.xml:20:5-43
MERGED from [com.android.support:palette-v7:23.4.0] AndroidManifest.xml:20:5-43
MERGED from [com.android.support:support-v4:23.4.0] AndroidManifest.xml:20:5-43
MERGED from [com.android.support:appcompat-v7:23.4.0] AndroidManifest.xml:21:5-23:78
MERGED from [com.android.support:animated-vector-drawable:23.4.0] AndroidManifest.xml:5:5-44
MERGED from [com.android.support:support-vector-drawable:23.4.0] AndroidManifest.xml:5:5-43
MERGED from [com.android.support:support-v4:23.4.0] AndroidManifest.xml:20:5-43
MERGED from [com.android.support:support-v4:23.4.0] AndroidManifest.xml:20:5-43
MERGED from [com.android.support:support-vector-drawable:23.4.0] AndroidManifest.xml:5:5-43
MERGED from [com.android.support:support-v4:23.4.0] AndroidManifest.xml:20:5-43
MERGED from [com.android.support:recyclerview-v7:23.4.0] AndroidManifest.xml:20:5-43
MERGED from [com.android.support:support-v4:23.4.0] AndroidManifest.xml:20:5-43
MERGED from [com.android.support:support-v13:23.4.0] AndroidManifest.xml:20:5-44
MERGED from [com.android.support:support-v4:23.4.0] AndroidManifest.xml:20:5-43
MERGED from [com.android.support:design:23.4.0] AndroidManifest.xml:20:5-43
MERGED from [com.android.support:recyclerview-v7:23.4.0] AndroidManifest.xml:20:5-43
MERGED from [com.android.support:support-v4:23.4.0] AndroidManifest.xml:20:5-43
MERGED from [com.android.support:appcompat-v7:23.4.0] AndroidManifest.xml:21:5-23:78
MERGED from [com.android.support:animated-vector-drawable:23.4.0] AndroidManifest.xml:5:5-44
MERGED from [com.android.support:support-vector-drawable:23.4.0] AndroidManifest.xml:5:5-43
MERGED from [com.android.support:support-v4:23.4.0] AndroidManifest.xml:20:5-43
MERGED from [com.android.support:support-v4:23.4.0] AndroidManifest.xml:20:5-43
MERGED from [com.android.support:support-vector-drawable:23.4.0] AndroidManifest.xml:5:5-43
MERGED from [com.android.support:support-v4:23.4.0] AndroidManifest.xml:20:5-43
MERGED from [com.android.support:support-v4:23.4.0] AndroidManifest.xml:20:5-43
MERGED from [com.squareup.leakcanary:leakcanary-android-no-op:1.3.1] AndroidManifest.xml:20:5-22:41
	tools:overrideLibrary
		ADDED from [com.afollestad.material-dialogs:core:0.8.2.0] AndroidManifest.xml:11:9-72
	android:targetSdkVersion
		INJECTED from src/main/AndroidManifest.xml
		INJECTED from src/main/AndroidManifest.xml
	android:minSdkVersion
		INJECTED from src/main/AndroidManifest.xml
		INJECTED from src/main/AndroidManifest.xml